2025-04-21 03:48:02,650 - __main__ - INFO - start
2025-04-21 03:48:17,679 - __main__ - INFO - 157862
2025-04-21 03:48:17,679 - __main__ - INFO - 1578
2025-04-21 03:48:17,691 - __main__ - INFO - end
1 
2025-04-21 23:59:06,129 - __main__ - INFO - start
2025-04-21 23:59:11,848 - __main__ - INFO - 157943
2025-04-21 23:59:11,849 - __main__ - INFO - 1659
2025-04-21 23:59:11,901 - __main__ - INFO - end
1 
2025-04-22 23:59:10,168 - __main__ - INFO - start
2025-04-22 23:59:15,984 - __main__ - INFO - 158070
2025-04-22 23:59:15,984 - __main__ - INFO - 1786
2025-04-22 23:59:16,047 - __main__ - INFO - end
1 
2025-04-23 23:59:18,425 - __main__ - INFO - start
2025-04-23 23:59:26,468 - __main__ - INFO - 158113
2025-04-23 23:59:26,468 - __main__ - INFO - 1829
2025-04-23 23:59:26,683 - __main__ - INFO - end
1 
2025-04-24 23:59:14,810 - __main__ - INFO - start
2025-04-24 23:59:22,506 - __main__ - INFO - 158201
2025-04-24 23:59:22,507 - __main__ - INFO - 1917
2025-04-24 23:59:22,816 - __main__ - INFO - end
1 
2025-04-25 23:59:14,644 - __main__ - INFO - start
2025-04-25 23:59:24,045 - __main__ - INFO - 158286
2025-04-25 23:59:24,046 - __main__ - INFO - 2002
2025-04-25 23:59:24,257 - __main__ - INFO - end
1 
2025-04-26 23:59:19,321 - __main__ - INFO - start
2025-04-26 23:59:30,714 - __main__ - INFO - 158335
2025-04-26 23:59:30,716 - __main__ - INFO - 2051
2025-04-26 23:59:30,955 - __main__ - INFO - end
1 
2025-04-27 23:59:14,750 - __main__ - INFO - start
2025-04-27 23:59:20,734 - __main__ - INFO - 158476
2025-04-27 23:59:20,735 - __main__ - INFO - 2192
2025-04-27 23:59:20,906 - __main__ - INFO - end
1 
2025-04-28 23:59:14,183 - __main__ - INFO - start
2025-04-28 23:59:25,432 - __main__ - INFO - 158547
2025-04-28 23:59:25,432 - __main__ - INFO - 2263
2025-04-28 23:59:25,709 - __main__ - INFO - end
1 
2025-04-29 23:59:14,028 - __main__ - INFO - start
2025-04-29 23:59:19,018 - __main__ - INFO - 158675
2025-04-29 23:59:19,019 - __main__ - INFO - 2391
2025-04-29 23:59:19,150 - __main__ - INFO - end
1 
2025-04-30 23:59:11,777 - __main__ - INFO - start
2025-04-30 23:59:17,160 - __main__ - INFO - 158776
2025-04-30 23:59:17,160 - __main__ - INFO - 2492
2025-04-30 23:59:17,294 - __main__ - INFO - end
1 
2025-05-01 23:59:03,115 - __main__ - INFO - start
2025-05-01 23:59:08,627 - __main__ - INFO - 158832
2025-05-01 23:59:08,627 - __main__ - INFO - 56
2025-05-01 23:59:08,874 - __main__ - INFO - end
1 
2025-05-02 23:59:11,961 - __main__ - INFO - start
2025-05-02 23:59:24,356 - __main__ - INFO - 158929
2025-05-02 23:59:24,356 - __main__ - INFO - 153
2025-05-02 23:59:24,622 - __main__ - INFO - end
1 
2025-05-03 23:59:10,242 - __main__ - INFO - start
2025-05-03 23:59:16,286 - __main__ - INFO - 158986
2025-05-03 23:59:16,287 - __main__ - INFO - 210
2025-05-03 23:59:16,832 - __main__ - INFO - end
1 
2025-05-04 23:59:12,003 - __main__ - INFO - start
2025-05-04 23:59:18,291 - __main__ - INFO - 159058
2025-05-04 23:59:18,292 - __main__ - INFO - 282
2025-05-04 23:59:19,294 - __main__ - INFO - end
1 
2025-05-05 23:59:10,005 - __main__ - INFO - start
2025-05-05 23:59:16,067 - __main__ - INFO - 159084
2025-05-05 23:59:16,067 - __main__ - INFO - 308
2025-05-05 23:59:16,523 - __main__ - INFO - end
1 
2025-05-06 23:59:11,823 - __main__ - INFO - start
2025-05-06 23:59:23,940 - __main__ - INFO - 159145
2025-05-06 23:59:23,941 - __main__ - INFO - 369
2025-05-06 23:59:24,116 - __main__ - INFO - end
1 
2025-05-07 23:59:16,527 - __main__ - INFO - start
2025-05-07 23:59:24,419 - __main__ - INFO - 159209
2025-05-07 23:59:24,420 - __main__ - INFO - 433
2025-05-07 23:59:24,587 - __main__ - INFO - end
1 
2025-05-08 23:59:13,057 - __main__ - INFO - start
2025-05-08 23:59:18,503 - __main__ - INFO - 159336
2025-05-08 23:59:18,503 - __main__ - INFO - 560
2025-05-08 23:59:18,639 - __main__ - INFO - end
1 
2025-05-09 23:59:20,336 - __main__ - INFO - start
2025-05-09 23:59:28,389 - __main__ - INFO - 159403
2025-05-09 23:59:28,389 - __main__ - INFO - 627
2025-05-09 23:59:28,626 - __main__ - INFO - end
1 
2025-05-10 23:59:13,997 - __main__ - INFO - start
2025-05-10 23:59:21,743 - __main__ - INFO - 159548
2025-05-10 23:59:21,744 - __main__ - INFO - 772
2025-05-10 23:59:21,947 - __main__ - INFO - end
1 
2025-05-11 23:59:18,456 - __main__ - INFO - start
2025-05-11 23:59:26,226 - __main__ - INFO - 159604
2025-05-11 23:59:26,227 - __main__ - INFO - 828
2025-05-11 23:59:26,455 - __main__ - INFO - end
1 
2025-05-12 23:59:11,312 - __main__ - INFO - start
2025-05-12 23:59:21,027 - __main__ - INFO - 159655
2025-05-12 23:59:21,027 - __main__ - INFO - 879
2025-05-12 23:59:22,183 - __main__ - INFO - end
1 
2025-05-13 23:59:10,022 - __main__ - INFO - start
2025-05-13 23:59:16,732 - __main__ - INFO - 159719
2025-05-13 23:59:16,732 - __main__ - INFO - 943
2025-05-13 23:59:16,862 - __main__ - INFO - end
1 
2025-05-14 23:59:18,836 - __main__ - INFO - start
2025-05-14 23:59:25,377 - __main__ - INFO - 159784
2025-05-14 23:59:25,378 - __main__ - INFO - 1008
2025-05-14 23:59:25,599 - __main__ - INFO - end
1 
2025-05-15 23:59:15,167 - __main__ - INFO - start
2025-05-15 23:59:25,583 - __main__ - INFO - 159881
2025-05-15 23:59:25,583 - __main__ - INFO - 1105
2025-05-15 23:59:25,991 - __main__ - INFO - end
1 
2025-05-16 23:59:14,769 - __main__ - INFO - start
2025-05-16 23:59:22,696 - __main__ - INFO - 159932
2025-05-16 23:59:22,697 - __main__ - INFO - 1156
2025-05-16 23:59:22,862 - __main__ - INFO - end
1 
2025-05-17 23:59:15,809 - __main__ - INFO - start
2025-05-17 23:59:22,445 - __main__ - INFO - 160001
2025-05-17 23:59:22,445 - __main__ - INFO - 1225
2025-05-17 23:59:22,622 - __main__ - INFO - end
1 
2025-05-18 23:59:16,296 - __main__ - INFO - start
2025-05-18 23:59:28,327 - __main__ - INFO - 160090
2025-05-18 23:59:28,327 - __main__ - INFO - 1314
2025-05-18 23:59:28,643 - __main__ - INFO - end
1 
2025-05-19 23:59:12,212 - __main__ - INFO - start
2025-05-19 23:59:19,435 - __main__ - INFO - 160190
2025-05-19 23:59:19,436 - __main__ - INFO - 1414
2025-05-19 23:59:19,574 - __main__ - INFO - end
1 
2025-05-20 23:59:12,600 - __main__ - INFO - start
2025-05-20 23:59:44,614 - __main__ - INFO - 160308
2025-05-20 23:59:44,614 - __main__ - INFO - 1532
2025-05-20 23:59:44,748 - __main__ - INFO - end
1 
2025-05-21 23:59:11,040 - __main__ - INFO - start
2025-05-21 23:59:19,316 - __main__ - ERROR - ['Traceback (most recent call last):\n', '  File "e:\\workspaces\\pleiades\\SelfGov\\src\\Counter.py", line 82, in <module>\n    logger.info(allCount.getText())\n', "AttributeError: 'NoneType' object has no attribute 'getText'\n"]
1 
2025-05-21 23:59:34,211 - __main__ - INFO - start
2025-05-21 23:59:40,477 - __main__ - INFO - 160429
2025-05-21 23:59:40,477 - __main__ - INFO - 1653
2025-05-21 23:59:40,688 - __main__ - INFO - end
2 
2025-05-22 23:59:20,597 - __main__ - INFO - start
2025-05-22 23:59:28,812 - __main__ - INFO - 160535
2025-05-22 23:59:28,812 - __main__ - INFO - 1759
2025-05-22 23:59:28,947 - __main__ - INFO - end
1 
2025-05-23 23:59:14,983 - __main__ - INFO - start
2025-05-23 23:59:21,219 - __main__ - INFO - 160633
2025-05-23 23:59:21,219 - __main__ - INFO - 1857
2025-05-23 23:59:21,373 - __main__ - INFO - end
1 
2025-05-24 23:59:13,919 - __main__ - INFO - start
2025-05-24 23:59:22,865 - __main__ - INFO - 160760
2025-05-24 23:59:22,866 - __main__ - INFO - 1984
2025-05-24 23:59:23,470 - __main__ - INFO - end
1 
2025-05-25 23:59:13,965 - __main__ - INFO - start
2025-05-25 23:59:40,701 - __main__ - INFO - 160830
2025-05-25 23:59:40,701 - __main__ - INFO - 2054
2025-05-25 23:59:40,860 - __main__ - INFO - end
1 
2025-05-26 23:59:13,992 - __main__ - INFO - start
2025-05-26 23:59:19,808 - __main__ - INFO - 160887
2025-05-26 23:59:19,808 - __main__ - INFO - 2111
2025-05-26 23:59:19,955 - __main__ - INFO - end
1 
2025-05-27 23:59:12,730 - __main__ - INFO - start
2025-05-27 23:59:21,610 - __main__ - INFO - 161013
2025-05-27 23:59:21,610 - __main__ - INFO - 2237
2025-05-27 23:59:22,438 - __main__ - INFO - end
1 
2025-05-28 23:59:16,139 - __main__ - INFO - start
2025-05-28 23:59:23,670 - __main__ - INFO - 161230
2025-05-28 23:59:23,671 - __main__ - INFO - 2454
2025-05-28 23:59:23,832 - __main__ - INFO - end
1 
2025-05-29 23:59:18,292 - __main__ - INFO - start
2025-05-29 23:59:48,842 - __main__ - INFO - 161395
2025-05-29 23:59:48,843 - __main__ - INFO - 2619
2025-05-29 23:59:49,241 - __main__ - INFO - end
1 
2025-05-30 23:59:16,753 - __main__ - INFO - start
2025-05-30 23:59:33,908 - __main__ - INFO - 161547
2025-05-30 23:59:33,908 - __main__ - INFO - 2771
2025-05-30 23:59:34,688 - __main__ - INFO - end
1 
2025-05-31 23:59:16,351 - __main__ - INFO - start
2025-05-31 23:59:24,543 - __main__ - INFO - 161662
2025-05-31 23:59:24,543 - __main__ - INFO - 2886
2025-05-31 23:59:24,777 - __main__ - INFO - end
1 
2025-06-01 23:59:17,512 - __main__ - INFO - start
2025-06-01 23:59:23,761 - __main__ - INFO - 161784
2025-06-01 23:59:23,761 - __main__ - INFO - 122
2025-06-01 23:59:23,974 - __main__ - INFO - end
1 
2025-06-02 23:59:17,262 - __main__ - INFO - start
2025-06-02 23:59:29,130 - __main__ - ERROR - ['Traceback (most recent call last):\n', '  File "e:\\workspaces\\pleiades\\SelfGov\\src\\Counter.py", line 82, in <module>\n    logger.info(allCount.getText())\n', "AttributeError: 'NoneType' object has no attribute 'getText'\n"]
1 
2025-06-02 23:59:37,887 - __main__ - INFO - start
2025-06-02 23:59:43,280 - __main__ - INFO - 161865
2025-06-02 23:59:43,281 - __main__ - INFO - 203
2025-06-02 23:59:43,566 - __main__ - INFO - end
2 
2025-06-03 23:59:14,349 - __main__ - INFO - start
2025-06-03 23:59:20,818 - __main__ - INFO - 161947
2025-06-03 23:59:20,819 - __main__ - INFO - 285
2025-06-03 23:59:20,976 - __main__ - INFO - end
1 
2025-06-04 23:59:14,629 - __main__ - INFO - start
2025-06-04 23:59:22,071 - __main__ - INFO - 162052
2025-06-04 23:59:22,072 - __main__ - INFO - 390
2025-06-04 23:59:22,249 - __main__ - INFO - end
1 
2025-06-05 23:59:02,775 - __main__ - INFO - start
2025-06-05 23:59:08,949 - __main__ - INFO - 162127
2025-06-05 23:59:08,950 - __main__ - INFO - 465
2025-06-05 23:59:09,076 - __main__ - INFO - end
1 
2025-06-06 23:59:06,712 - __main__ - INFO - start
2025-06-06 23:59:13,461 - __main__ - INFO - 162272
2025-06-06 23:59:13,461 - __main__ - INFO - 610
2025-06-06 23:59:13,554 - __main__ - INFO - end
1 
2025-06-07 23:59:18,227 - __main__ - INFO - start
2025-06-07 23:59:26,480 - __main__ - INFO - 162359
2025-06-07 23:59:26,480 - __main__ - INFO - 697
2025-06-07 23:59:26,713 - __main__ - INFO - end
1 
2025-06-08 23:59:14,306 - __main__ - INFO - start
2025-06-08 23:59:20,608 - __main__ - INFO - 162457
2025-06-08 23:59:20,609 - __main__ - INFO - 795
2025-06-08 23:59:20,773 - __main__ - INFO - end
1 
2025-06-09 23:59:11,850 - __main__ - INFO - start
2025-06-09 23:59:46,289 - __main__ - INFO - 162629
2025-06-09 23:59:46,290 - __main__ - INFO - 967
2025-06-09 23:59:46,396 - __main__ - INFO - end
1 
2025-06-10 23:59:16,004 - __main__ - INFO - start
2025-06-10 23:59:23,067 - __main__ - INFO - 162723
2025-06-10 23:59:23,067 - __main__ - INFO - 1061
2025-06-10 23:59:23,262 - __main__ - INFO - end
1 
2025-06-11 23:59:22,336 - __main__ - INFO - start
2025-06-11 23:59:30,101 - __main__ - INFO - 162808
2025-06-11 23:59:30,102 - __main__ - INFO - 1146
2025-06-11 23:59:30,334 - __main__ - INFO - end
1 
2025-06-12 23:59:15,066 - __main__ - INFO - start
2025-06-12 23:59:23,367 - __main__ - INFO - 162912
2025-06-12 23:59:23,367 - __main__ - INFO - 1250
2025-06-12 23:59:24,246 - __main__ - INFO - end
1 
2025-06-13 23:59:15,609 - __main__ - INFO - start
2025-06-13 23:59:21,682 - __main__ - INFO - 163024
2025-06-13 23:59:21,682 - __main__ - INFO - 1362
2025-06-13 23:59:21,800 - __main__ - INFO - end
1 
2025-06-14 23:59:12,314 - __main__ - INFO - start
2025-06-14 23:59:18,414 - __main__ - INFO - 163102
2025-06-14 23:59:18,414 - __main__ - INFO - 1440
2025-06-14 23:59:18,559 - __main__ - INFO - end
1 
2025-06-15 23:59:21,367 - __main__ - INFO - start
2025-06-15 23:59:52,914 - __main__ - INFO - 163189
2025-06-15 23:59:52,914 - __main__ - INFO - 1527
2025-06-15 23:59:53,291 - __main__ - INFO - end
1 
2025-06-16 23:59:19,851 - __main__ - INFO - start
2025-06-16 23:59:25,664 - __main__ - INFO - 163273
2025-06-16 23:59:25,664 - __main__ - INFO - 1611
2025-06-16 23:59:25,804 - __main__ - INFO - end
1 
2025-06-17 23:59:12,179 - __main__ - INFO - start
2025-06-17 23:59:17,708 - __main__ - INFO - 163348
2025-06-17 23:59:17,709 - __main__ - INFO - 1686
2025-06-17 23:59:17,851 - __main__ - INFO - end
1 
2025-06-18 23:59:11,979 - __main__ - INFO - start
2025-06-18 23:59:20,998 - __main__ - INFO - 163450
2025-06-18 23:59:20,998 - __main__ - INFO - 1788
2025-06-18 23:59:21,203 - __main__ - INFO - end
1 
2025-06-19 23:59:14,790 - __main__ - INFO - start
2025-06-19 23:59:20,825 - __main__ - INFO - 163566
2025-06-19 23:59:20,825 - __main__ - INFO - 1904
2025-06-19 23:59:20,991 - __main__ - INFO - end
1 
2025-06-20 23:59:19,834 - __main__ - INFO - start
2025-06-20 23:59:26,008 - __main__ - INFO - 163705
2025-06-20 23:59:26,009 - __main__ - INFO - 2043
2025-06-20 23:59:26,159 - __main__ - INFO - end
1 
2025-06-21 23:59:13,956 - __main__ - INFO - start
2025-06-21 23:59:22,521 - __main__ - ERROR - ['Traceback (most recent call last):\n', '  File "e:\\workspaces\\pleiades\\SelfGov\\src\\Counter.py", line 82, in <module>\n    logger.info(allCount.getText())\n', "AttributeError: 'NoneType' object has no attribute 'getText'\n"]
1 
2025-06-21 23:59:37,028 - __main__ - INFO - start
2025-06-21 23:59:42,511 - __main__ - INFO - 163849
2025-06-21 23:59:42,511 - __main__ - INFO - 2187
2025-06-21 23:59:42,781 - __main__ - INFO - end
2 
2025-06-22 23:59:15,324 - __main__ - INFO - start
2025-06-22 23:59:22,704 - __main__ - INFO - 163931
2025-06-22 23:59:22,704 - __main__ - INFO - 2269
2025-06-22 23:59:22,933 - __main__ - INFO - end
1 
2025-06-23 23:59:16,263 - __main__ - INFO - start
2025-06-23 23:59:58,474 - __main__ - INFO - 164020
2025-06-23 23:59:58,474 - __main__ - INFO - 2358
2025-06-23 23:59:58,783 - __main__ - INFO - end
1 
2025-06-24 23:59:15,460 - __main__ - INFO - start
2025-06-24 23:59:25,295 - __main__ - INFO - 164125
2025-06-24 23:59:25,295 - __main__ - INFO - 2463
2025-06-24 23:59:26,887 - __main__ - INFO - end
1 
2025-06-25 23:59:16,619 - __main__ - INFO - start
2025-06-25 23:59:23,779 - __main__ - INFO - 164205
2025-06-25 23:59:23,780 - __main__ - INFO - 2543
2025-06-25 23:59:23,978 - __main__ - INFO - end
1 
2025-06-26 23:59:13,933 - __main__ - INFO - start
2025-06-26 23:59:21,817 - __main__ - INFO - 164297
2025-06-26 23:59:21,818 - __main__ - INFO - 2635
2025-06-26 23:59:21,989 - __main__ - INFO - end
1 
2025-06-27 23:59:15,865 - __main__ - INFO - start
2025-06-27 23:59:23,478 - __main__ - ERROR - ['Traceback (most recent call last):\n', '  File "e:\\workspaces\\pleiades\\SelfGov\\src\\Counter.py", line 82, in <module>\n    logger.info(allCount.getText())\n', "AttributeError: 'NoneType' object has no attribute 'getText'\n"]
1 
2025-06-27 23:59:41,676 - __main__ - INFO - start
2025-06-27 23:59:47,104 - __main__ - INFO - 164410
2025-06-27 23:59:47,104 - __main__ - INFO - 2748
2025-06-27 23:59:47,375 - __main__ - INFO - end
2 
2025-06-28 23:59:16,662 - __main__ - INFO - start
2025-06-28 23:59:27,250 - __main__ - INFO - 164555
2025-06-28 23:59:27,250 - __main__ - INFO - 2893
2025-06-28 23:59:27,454 - __main__ - INFO - end
1 
2025-06-29 23:59:12,267 - __main__ - INFO - start
2025-06-29 23:59:19,610 - __main__ - INFO - 164696
2025-06-29 23:59:19,610 - __main__ - INFO - 3034
2025-06-29 23:59:19,828 - __main__ - INFO - end
1 
2025-06-30 23:59:20,099 - __main__ - INFO - start
2025-06-30 23:59:56,372 - __main__ - INFO - 164861
2025-06-30 23:59:56,373 - __main__ - INFO - 3199
2025-06-30 23:59:56,648 - __main__ - INFO - end
1 
2025-07-01 23:59:10,720 - __main__ - INFO - start
2025-07-01 23:59:17,704 - __main__ - INFO - 165031
2025-07-01 23:59:17,705 - __main__ - INFO - 170
2025-07-01 23:59:17,853 - __main__ - INFO - end
1 
2025-07-02 23:59:11,713 - __main__ - INFO - start
2025-07-02 23:59:50,466 - __main__ - INFO - 165206
2025-07-02 23:59:50,466 - __main__ - INFO - 345
2025-07-02 23:59:50,749 - __main__ - INFO - end
1 
2025-07-03 23:59:18,632 - __main__ - INFO - start
2025-07-03 23:59:28,460 - __main__ - INFO - 165328
2025-07-03 23:59:28,466 - __main__ - INFO - 467
2025-07-03 23:59:28,737 - __main__ - INFO - end
1 
2025-07-04 23:59:09,789 - __main__ - INFO - start
2025-07-04 23:59:51,825 - __main__ - INFO - 165467
2025-07-04 23:59:51,825 - __main__ - INFO - 606
2025-07-04 23:59:51,950 - __main__ - INFO - end
1 
2025-07-05 23:59:06,544 - __main__ - INFO - start
2025-07-05 23:59:12,925 - __main__ - INFO - 165615
2025-07-05 23:59:12,926 - __main__ - INFO - 754
2025-07-05 23:59:13,043 - __main__ - INFO - end
1 
2025-07-06 23:59:07,163 - __main__ - INFO - start
2025-07-06 23:59:14,683 - __main__ - ERROR - ['Traceback (most recent call last):\n', '  File "e:\\workspaces\\pleiades\\SelfGov\\src\\Counter.py", line 82, in <module>\n    logger.info(allCount.getText())\n', "AttributeError: 'NoneType' object has no attribute 'getText'\n"]
1 
2025-07-06 23:59:24,176 - __main__ - INFO - start
2025-07-07 00:00:03,175 - __main__ - INFO - 165755
2025-07-07 00:00:03,175 - __main__ - INFO - 894
2025-07-07 00:00:03,314 - __main__ - INFO - end
2 
2025-07-07 23:59:12,071 - __main__ - INFO - start
2025-07-07 23:59:18,519 - __main__ - INFO - 165912
2025-07-07 23:59:18,519 - __main__ - INFO - 1051
2025-07-07 23:59:18,638 - __main__ - INFO - end
1 
2025-07-08 23:59:07,849 - __main__ - INFO - start
2025-07-08 23:59:14,876 - __main__ - INFO - 166037
2025-07-08 23:59:14,876 - __main__ - INFO - 1176
2025-07-08 23:59:15,014 - __main__ - INFO - end
1 
2025-07-09 23:59:17,550 - __main__ - INFO - start
2025-07-10 00:00:05,851 - __main__ - INFO - 166275
2025-07-10 00:00:05,851 - __main__ - INFO - 1414
2025-07-10 00:00:06,188 - __main__ - INFO - end
1 
2025-07-10 23:59:15,809 - __main__ - INFO - start
2025-07-10 23:59:22,050 - __main__ - INFO - 166472
2025-07-10 23:59:22,051 - __main__ - INFO - 1611
2025-07-10 23:59:22,249 - __main__ - INFO - end
1 
2025-07-11 23:59:14,620 - __main__ - INFO - start
2025-07-11 23:59:24,067 - __main__ - INFO - 166655
2025-07-11 23:59:24,067 - __main__ - INFO - 1794
2025-07-11 23:59:24,306 - __main__ - INFO - end
1 
2025-07-12 23:59:14,807 - __main__ - INFO - start
2025-07-12 23:59:55,119 - __main__ - ERROR - ['Traceback (most recent call last):\n', '  File "e:\\workspaces\\pleiades\\SelfGov\\src\\Counter.py", line 82, in <module>\n    logger.info(allCount.getText())\n', "AttributeError: 'NoneType' object has no attribute 'getText'\n"]
1 
2025-07-13 00:00:09,219 - __main__ - INFO - start
2025-07-13 00:00:14,341 - __main__ - INFO - 166835
2025-07-13 00:00:14,342 - __main__ - INFO - 1974
2025-07-13 00:00:14,641 - __main__ - INFO - end
2 
2025-07-13 23:59:17,532 - __main__ - INFO - start
2025-07-14 00:00:02,514 - __main__ - INFO - 167010
2025-07-14 00:00:02,514 - __main__ - INFO - 2149
2025-07-14 00:00:02,761 - __main__ - INFO - end
1 
2025-07-14 23:59:17,396 - __main__ - INFO - start
2025-07-15 00:00:00,914 - __main__ - INFO - 167167
2025-07-15 00:00:00,914 - __main__ - INFO - 2306
2025-07-15 00:00:01,093 - __main__ - INFO - end
1 
2025-07-15 23:59:14,096 - __main__ - INFO - start
2025-07-15 23:59:25,574 - __main__ - INFO - 167348
2025-07-15 23:59:25,574 - __main__ - INFO - 2487
2025-07-15 23:59:25,854 - __main__ - INFO - end
1 
2025-07-16 23:59:18,646 - __main__ - INFO - start
2025-07-16 23:59:27,546 - __main__ - INFO - 167530
2025-07-16 23:59:27,547 - __main__ - INFO - 2669
2025-07-16 23:59:27,781 - __main__ - INFO - end
1 
2025-07-17 23:59:14,378 - __main__ - INFO - start
2025-07-17 23:59:22,525 - __main__ - INFO - 167836
2025-07-17 23:59:22,525 - __main__ - INFO - 2975
2025-07-17 23:59:22,721 - __main__ - INFO - end
1 
2025-07-18 23:59:15,346 - __main__ - INFO - start
2025-07-18 23:59:22,409 - __main__ - INFO - 168152
2025-07-18 23:59:22,409 - __main__ - INFO - 3291
2025-07-18 23:59:22,644 - __main__ - INFO - end
1 
2025-07-19 23:59:16,761 - __main__ - INFO - start
2025-07-19 23:59:22,372 - __main__ - INFO - 168949
2025-07-19 23:59:22,373 - __main__ - INFO - 4088
2025-07-19 23:59:22,519 - __main__ - INFO - end
1 
2025-07-20 23:59:14,478 - __main__ - INFO - start
2025-07-20 23:59:20,376 - __main__ - INFO - 169339
2025-07-20 23:59:20,377 - __main__ - INFO - 4478
2025-07-20 23:59:20,567 - __main__ - INFO - end
1 
2025-07-21 23:59:12,254 - __main__ - INFO - start
2025-07-21 23:59:23,492 - __main__ - INFO - 169422
2025-07-21 23:59:23,492 - __main__ - INFO - 4561
2025-07-21 23:59:23,887 - __main__ - INFO - end
1 
2025-07-22 23:59:18,331 - __main__ - INFO - start
2025-07-22 23:59:24,701 - __main__ - INFO - 169478
2025-07-22 23:59:24,701 - __main__ - INFO - 4617
2025-07-22 23:59:24,830 - __main__ - INFO - end
1 
2025-07-23 23:59:17,760 - __main__ - INFO - start
2025-07-23 23:59:25,971 - __main__ - INFO - 169602
2025-07-23 23:59:25,971 - __main__ - INFO - 4741
2025-07-23 23:59:26,159 - __main__ - INFO - end
1 
2025-07-24 23:59:16,539 - __main__ - INFO - start
2025-07-24 23:59:23,637 - __main__ - INFO - 169667
2025-07-24 23:59:23,638 - __main__ - INFO - 4806
2025-07-24 23:59:23,805 - __main__ - INFO - end
1 
2025-07-25 23:59:19,238 - __main__ - INFO - start
2025-07-25 23:59:27,185 - __main__ - INFO - 169730
2025-07-25 23:59:27,185 - __main__ - INFO - 4869
2025-07-25 23:59:27,466 - __main__ - INFO - end
1 
2025-07-26 23:59:16,401 - __main__ - INFO - start
2025-07-26 23:59:23,531 - __main__ - INFO - 169908
2025-07-26 23:59:23,531 - __main__ - INFO - 5047
2025-07-26 23:59:23,731 - __main__ - INFO - end
1 
2025-07-27 23:59:11,610 - __main__ - INFO - start
2025-07-27 23:59:23,133 - __main__ - INFO - 169977
2025-07-27 23:59:23,133 - __main__ - INFO - 5116
2025-07-27 23:59:23,163 - __main__ - INFO - end
1 
2025-07-28 23:59:12,090 - __main__ - INFO - start
2025-07-28 23:59:23,151 - __main__ - INFO - 170077
2025-07-28 23:59:23,151 - __main__ - INFO - 5216
2025-07-28 23:59:23,410 - __main__ - INFO - end
1 
2025-07-29 23:59:10,644 - __main__ - INFO - start
2025-07-29 23:59:17,760 - __main__ - INFO - 170133
2025-07-29 23:59:17,760 - __main__ - INFO - 5272
2025-07-29 23:59:17,903 - __main__ - INFO - end
1 
2025-07-30 23:59:14,894 - __main__ - INFO - start
2025-07-30 23:59:25,752 - __main__ - INFO - 170227
2025-07-30 23:59:25,753 - __main__ - INFO - 5366
2025-07-30 23:59:25,890 - __main__ - INFO - end
1 
2025-07-31 23:59:13,163 - __main__ - INFO - start
2025-07-31 23:59:21,888 - __main__ - INFO - 170285
2025-07-31 23:59:21,888 - __main__ - INFO - 5424
2025-07-31 23:59:22,103 - __main__ - INFO - end
1 
2025-08-01 23:59:13,779 - __main__ - INFO - start
2025-08-01 23:59:20,520 - __main__ - INFO - 170358
2025-08-01 23:59:20,520 - __main__ - INFO - 73
2025-08-01 23:59:20,673 - __main__ - INFO - end
1 
2025-08-02 23:59:17,138 - __main__ - INFO - start
2025-08-03 00:00:04,178 - __main__ - INFO - 170529
2025-08-03 00:00:04,179 - __main__ - INFO - 244
2025-08-03 00:00:05,327 - __main__ - INFO - end
1 
2025-08-03 23:59:19,099 - __main__ - INFO - start
2025-08-03 23:59:27,654 - __main__ - INFO - 170651
2025-08-03 23:59:27,654 - __main__ - INFO - 366
2025-08-03 23:59:29,558 - __main__ - INFO - end
1 
2025-08-04 23:59:16,535 - __main__ - INFO - start
2025-08-05 00:00:00,611 - __main__ - INFO - 170734
2025-08-05 00:00:00,612 - __main__ - INFO - 449
2025-08-05 00:00:00,772 - __main__ - INFO - end
1 
2025-08-05 23:59:13,049 - __main__ - INFO - start
2025-08-05 23:59:20,346 - __main__ - INFO - 170845
2025-08-05 23:59:20,347 - __main__ - INFO - 560
2025-08-05 23:59:24,448 - __main__ - INFO - end
1 
2025-08-06 23:59:09,103 - __main__ - INFO - start
2025-08-06 23:59:16,261 - __main__ - INFO - 171022
2025-08-06 23:59:16,262 - __main__ - INFO - 737
2025-08-06 23:59:16,387 - __main__ - INFO - end
1 
2025-08-07 23:59:07,634 - __main__ - INFO - start
2025-08-07 23:59:15,204 - __main__ - INFO - 171141
2025-08-07 23:59:15,204 - __main__ - INFO - 856
2025-08-07 23:59:16,323 - __main__ - INFO - end
1 
2025-08-08 23:59:12,472 - __main__ - INFO - start
2025-08-08 23:59:20,366 - __main__ - INFO - 171198
2025-08-08 23:59:20,366 - __main__ - INFO - 913
2025-08-08 23:59:20,588 - __main__ - INFO - end
1 
2025-08-09 23:59:14,149 - __main__ - INFO - start
2025-08-09 23:59:59,610 - __main__ - INFO - 171320
2025-08-09 23:59:59,610 - __main__ - INFO - 1035
2025-08-09 23:59:59,746 - __main__ - INFO - end
1 
2025-08-10 23:59:14,072 - __main__ - INFO - start
2025-08-10 23:59:22,143 - __main__ - INFO - 171363
2025-08-10 23:59:22,144 - __main__ - INFO - 1078
2025-08-10 23:59:22,299 - __main__ - INFO - end
1 
2025-08-11 23:59:17,830 - __main__ - INFO - start
2025-08-11 23:59:25,137 - __main__ - INFO - 171451
2025-08-11 23:59:25,138 - __main__ - INFO - 1166
2025-08-11 23:59:25,244 - __main__ - INFO - end
1 
2025-08-12 23:59:18,801 - __main__ - INFO - start
2025-08-12 23:59:26,373 - __main__ - INFO - 171531
2025-08-12 23:59:26,373 - __main__ - INFO - 1246
2025-08-12 23:59:26,487 - __main__ - INFO - end
1 
2025-08-13 23:59:16,113 - __main__ - INFO - start
2025-08-13 23:59:23,159 - __main__ - ERROR - ['Traceback (most recent call last):\n', '  File "e:\\workspaces\\pleiades\\SelfGov\\src\\Counter.py", line 78, in <module>\n    driver = webdriver.Chrome(options=options)\n', '  File "e:\\pleiades\\python\\3\\lib\\site-packages\\selenium\\webdriver\\chrome\\webdriver.py", line 45, in __init__\n    super().__init__(\n', '  File "e:\\pleiades\\python\\3\\lib\\site-packages\\selenium\\webdriver\\chromium\\webdriver.py", line 56, in __init__\n    super().__init__(\n', '  File "e:\\pleiades\\python\\3\\lib\\site-packages\\selenium\\webdriver\\remote\\webdriver.py", line 208, in __init__\n    self.start_session(capabilities)\n', '  File "e:\\pleiades\\python\\3\\lib\\site-packages\\selenium\\webdriver\\remote\\webdriver.py", line 292, in start_session\n    response = self.execute(Command.NEW_SESSION, caps)["value"]\n', '  File "e:\\pleiades\\python\\3\\lib\\site-packages\\selenium\\webdriver\\remote\\webdriver.py", line 347, in execute\n    self.error_handler.check_response(response)\n', '  File "e:\\pleiades\\python\\3\\lib\\site-packages\\selenium\\webdriver\\remote\\errorhandler.py", line 229, in check_response\n    raise exception_class(message, screen, stacktrace)\n', "selenium.common.exceptions.SessionNotCreatedException: Message: session not created: probably user data directory is already in use, please specify a unique value for --user-data-dir argument, or don't use --user-data-dir\nStacktrace:\n\tGetHandleVerifier [0x0x7ff607b3e415+77285]\n\tGetHandleVerifier [0x0x7ff607b3e470+77376]\n\t(No symbol) [0x0x7ff607909a6a]\n\t(No symbol) [0x0x7ff6079484e3]\n\t(No symbol) [0x0x7ff60794278e]\n\t(No symbol) [0x0x7ff60799602e]\n\t(No symbol) [0x0x7ff6079957c0]\n\t(No symbol) [0x0x7ff6079883e3]\n\t(No symbol) [0x0x7ff607951521]\n\t(No symbol) [0x0x7ff6079522b3]\n\tGetHandleVerifier [0x0x7ff607e21efd+3107021]\n\tGetHandleVerifier [0x0x7ff607e1c29d+3083373]\n\tGetHandleVerifier [0x0x7ff607e3bedd+3213485]\n\tGetHandleVerifier [0x0x7ff607b5884e+184862]\n\tGetHandleVerifier [0x0x7ff607b6055f+216879]\n\tGetHandleVerifier [0x0x7ff607b47084+113236]\n\tGetHandleVerifier [0x0x7ff607b47239+113673]\n\tGetHandleVerifier [0x0x7ff607b2e298+11368]\n\tBaseThreadInitThunk [0x0x7ff85f977374+20]\n\tRtlUserThreadStart [0x0x7ff86075cc91+33]\n\n"]
1 
2025-08-13 23:59:37,466 - __main__ - INFO - start
2025-08-13 23:59:46,534 - __main__ - INFO - 171602
2025-08-13 23:59:46,534 - __main__ - INFO - 1317
2025-08-13 23:59:46,852 - __main__ - INFO - end
2 
2025-08-14 23:59:16,318 - __main__ - INFO - start
2025-08-14 23:59:24,204 - __main__ - INFO - 171700
2025-08-14 23:59:24,205 - __main__ - INFO - 1415
2025-08-14 23:59:24,417 - __main__ - INFO - end
1 
2025-08-15 23:59:09,176 - __main__ - INFO - start
2025-08-15 23:59:15,747 - __main__ - INFO - 171740
2025-08-15 23:59:15,748 - __main__ - INFO - 1455
2025-08-15 23:59:15,913 - __main__ - INFO - end
1 
2025-08-16 23:59:08,905 - __main__ - INFO - start
2025-08-16 23:59:16,467 - __main__ - ERROR - ['Traceback (most recent call last):\n', '  File "e:\\workspaces\\pleiades\\SelfGov\\src\\Counter.py", line 82, in <module>\n    logger.info(allCount.getText())\n', "AttributeError: 'NoneType' object has no attribute 'getText'\n"]
1 
2025-08-16 23:59:25,403 - __main__ - INFO - start
2025-08-17 00:00:02,746 - __main__ - INFO - 171792
2025-08-17 00:00:02,747 - __main__ - INFO - 1507
2025-08-17 00:00:02,921 - __main__ - INFO - end
2 
2025-08-17 23:59:09,206 - __main__ - INFO - start
2025-08-17 23:59:15,108 - __main__ - INFO - 171832
2025-08-17 23:59:15,109 - __main__ - INFO - 1547
2025-08-17 23:59:15,259 - __main__ - INFO - end
1 
2025-08-18 23:59:13,340 - __main__ - INFO - start
2025-08-18 23:59:20,322 - __main__ - INFO - 171949
2025-08-18 23:59:20,322 - __main__ - INFO - 1664
2025-08-18 23:59:20,527 - __main__ - INFO - end
1 
2025-08-19 23:59:12,041 - __main__ - INFO - start
2025-08-19 23:59:22,124 - __main__ - INFO - 172001
2025-08-19 23:59:22,125 - __main__ - INFO - 1716
2025-08-19 23:59:23,061 - __main__ - INFO - end
1 
2025-08-20 23:59:21,797 - __main__ - INFO - start
2025-08-20 23:59:30,357 - __main__ - INFO - 172065
2025-08-20 23:59:30,357 - __main__ - INFO - 1780
2025-08-20 23:59:30,545 - __main__ - INFO - end
1 
2025-08-21 23:59:17,581 - __main__ - INFO - start
2025-08-21 23:59:24,398 - __main__ - INFO - 172168
2025-08-21 23:59:24,399 - __main__ - INFO - 1883
2025-08-21 23:59:24,578 - __main__ - INFO - end
1 
2025-08-22 23:59:13,738 - __main__ - INFO - start
2025-08-22 23:59:22,423 - __main__ - INFO - 172231
2025-08-22 23:59:22,423 - __main__ - INFO - 1946
2025-08-22 23:59:23,311 - __main__ - INFO - end
1 
2025-08-23 23:59:15,637 - __main__ - INFO - start
2025-08-23 23:59:22,069 - __main__ - INFO - 172343
2025-08-23 23:59:22,070 - __main__ - INFO - 2058
2025-08-23 23:59:22,212 - __main__ - INFO - end
1 
2025-08-24 23:59:18,279 - __main__ - INFO - start
2025-08-24 23:59:26,186 - __main__ - INFO - 172415
2025-08-24 23:59:26,186 - __main__ - INFO - 2130
2025-08-24 23:59:26,383 - __main__ - INFO - end
1 
2025-08-25 23:59:14,206 - __main__ - INFO - start
2025-08-25 23:59:24,538 - __main__ - INFO - 172491
2025-08-25 23:59:24,538 - __main__ - INFO - 2206
2025-08-25 23:59:24,846 - __main__ - INFO - end
1 
2025-08-26 23:59:12,122 - __main__ - INFO - start
2025-08-26 23:59:17,843 - __main__ - INFO - 172555
2025-08-26 23:59:17,844 - __main__ - INFO - 2270
2025-08-26 23:59:17,973 - __main__ - INFO - end
1 
2025-08-27 23:59:22,677 - __main__ - INFO - start
2025-08-27 23:59:30,834 - __main__ - INFO - 172646
2025-08-27 23:59:30,835 - __main__ - INFO - 2361
2025-08-27 23:59:31,042 - __main__ - INFO - end
1 
2025-08-28 23:59:15,415 - __main__ - INFO - start
2025-08-28 23:59:43,891 - __main__ - INFO - 172745
2025-08-28 23:59:43,891 - __main__ - INFO - 2460
2025-08-28 23:59:44,148 - __main__ - INFO - end
1 
2025-08-29 23:59:19,018 - __main__ - INFO - start
2025-08-29 23:59:24,998 - __main__ - INFO - 172802
2025-08-29 23:59:24,999 - __main__ - INFO - 2517
2025-08-29 23:59:25,150 - __main__ - INFO - end
1 
2025-08-30 23:59:17,274 - __main__ - INFO - start
2025-08-30 23:59:23,650 - __main__ - INFO - 172873
2025-08-30 23:59:23,650 - __main__ - INFO - 2588
2025-08-30 23:59:23,804 - __main__ - INFO - end
1 
2025-08-31 23:59:14,314 - __main__ - INFO - start
2025-08-31 23:59:23,060 - __main__ - ERROR - ['Traceback (most recent call last):\n', '  File "e:\\workspaces\\pleiades\\SelfGov\\src\\Counter.py", line 82, in <module>\n    logger.info(allCount.getText())\n', "AttributeError: 'NoneType' object has no attribute 'getText'\n"]
1 
2025-08-31 23:59:40,147 - __main__ - INFO - start
2025-09-01 00:00:02,476 - __main__ - INFO - 172929
2025-09-01 00:00:02,476 - __main__ - INFO - 2644
2025-09-01 00:00:02,743 - __main__ - INFO - end
2 
2025-09-01 23:59:21,493 - __main__ - INFO - start
2025-09-01 23:59:28,593 - __main__ - INFO - 173021
2025-09-01 23:59:28,593 - __main__ - INFO - 92
2025-09-01 23:59:28,839 - __main__ - INFO - end
1 
2025-09-02 23:59:17,789 - __main__ - INFO - start
2025-09-02 23:59:26,836 - __main__ - INFO - 173111
2025-09-02 23:59:26,837 - __main__ - INFO - 182
2025-09-02 23:59:27,031 - __main__ - INFO - end
1 
2025-09-03 23:59:19,800 - __main__ - INFO - start
2025-09-03 23:59:32,463 - __main__ - INFO - 173202
2025-09-03 23:59:32,463 - __main__ - INFO - 273
2025-09-03 23:59:32,852 - __main__ - INFO - end
1 
2025-09-04 23:59:20,814 - __main__ - INFO - start
2025-09-04 23:59:27,882 - __main__ - INFO - 173315
2025-09-04 23:59:27,883 - __main__ - INFO - 386
2025-09-04 23:59:28,035 - __main__ - INFO - end
1 
2025-09-05 23:59:17,410 - __main__ - INFO - start
2025-09-05 23:59:24,740 - __main__ - INFO - 173484
2025-09-05 23:59:24,740 - __main__ - INFO - 555
2025-09-05 23:59:24,912 - __main__ - INFO - end
1 
2025-09-06 23:59:15,902 - __main__ - INFO - start
2025-09-06 23:59:25,363 - __main__ - INFO - 173899
2025-09-06 23:59:25,363 - __main__ - INFO - 970
2025-09-06 23:59:25,845 - __main__ - INFO - end
1 
2025-09-07 23:59:21,540 - __main__ - INFO - start
2025-09-07 23:59:29,511 - __main__ - INFO - 174051
2025-09-07 23:59:29,512 - __main__ - INFO - 1122
2025-09-07 23:59:29,655 - __main__ - INFO - end
1 
2025-09-08 23:59:15,945 - __main__ - INFO - start
2025-09-08 23:59:27,402 - __main__ - INFO - 174119
2025-09-08 23:59:27,403 - __main__ - INFO - 1190
2025-09-08 23:59:27,580 - __main__ - INFO - end
1 
2025-09-09 23:59:14,263 - __main__ - INFO - start
2025-09-09 23:59:24,365 - __main__ - ERROR - ['Traceback (most recent call last):\n', '  File "e:\\workspaces\\pleiades\\SelfGov\\src\\Counter.py", line 82, in <module>\n    logger.info(allCount.getText())\n', "AttributeError: 'NoneType' object has no attribute 'getText'\n"]
1 
2025-09-09 23:59:36,606 - __main__ - INFO - start
2025-09-09 23:59:41,886 - __main__ - INFO - 174217
2025-09-09 23:59:41,886 - __main__ - INFO - 1288
2025-09-09 23:59:44,537 - __main__ - INFO - end
2 
2025-09-10 23:59:18,926 - __main__ - INFO - start
2025-09-10 23:59:25,906 - __main__ - INFO - 174277
2025-09-10 23:59:25,907 - __main__ - INFO - 1348
2025-09-10 23:59:26,119 - __main__ - INFO - end
1 
2025-09-11 23:59:16,406 - __main__ - INFO - start
2025-09-11 23:59:24,117 - __main__ - INFO - 174343
2025-09-11 23:59:24,117 - __main__ - INFO - 1414
2025-09-11 23:59:24,420 - __main__ - INFO - end
1 
2025-09-12 23:59:15,544 - __main__ - INFO - start
2025-09-12 23:59:39,966 - __main__ - INFO - 174395
2025-09-12 23:59:39,966 - __main__ - INFO - 1466
2025-09-12 23:59:40,275 - __main__ - INFO - end
1 
2025-09-13 23:59:09,616 - __main__ - INFO - start
2025-09-13 23:59:17,007 - __main__ - INFO - 174463
2025-09-13 23:59:17,008 - __main__ - INFO - 1534
2025-09-13 23:59:17,190 - __main__ - INFO - end
1 
2025-09-14 23:59:16,706 - __main__ - INFO - start
2025-09-14 23:59:23,822 - __main__ - INFO - 174638
2025-09-14 23:59:23,823 - __main__ - INFO - 1709
2025-09-14 23:59:24,031 - __main__ - INFO - end
1 
2025-09-15 23:59:11,862 - __main__ - INFO - start
2025-09-15 23:59:23,444 - __main__ - INFO - 174723
2025-09-15 23:59:23,444 - __main__ - INFO - 1794
2025-09-15 23:59:25,513 - __main__ - INFO - end
1 
2025-09-16 23:59:18,140 - __main__ - INFO - start
2025-09-16 23:59:28,172 - __main__ - INFO - 174901
2025-09-16 23:59:28,172 - __main__ - INFO - 1972
2025-09-16 23:59:28,562 - __main__ - INFO - end
1 
2025-09-17 23:59:15,567 - __main__ - INFO - start
2025-09-17 23:59:23,554 - __main__ - INFO - 175007
2025-09-17 23:59:23,554 - __main__ - INFO - 2078
2025-09-17 23:59:23,683 - __main__ - INFO - end
1 
2025-09-18 23:59:15,299 - __main__ - INFO - start
2025-09-18 23:59:24,372 - __main__ - INFO - 175068
2025-09-18 23:59:24,372 - __main__ - INFO - 2139
2025-09-18 23:59:25,236 - __main__ - INFO - end
1 
2025-09-19 23:59:15,215 - __main__ - INFO - start
2025-09-19 23:59:22,937 - __main__ - INFO - 175113
2025-09-19 23:59:22,938 - __main__ - INFO - 2184
2025-09-19 23:59:23,119 - __main__ - INFO - end
1 
2025-09-20 23:59:15,062 - __main__ - INFO - start
2025-09-20 23:59:20,896 - __main__ - INFO - 175196
2025-09-20 23:59:20,896 - __main__ - INFO - 2267
2025-09-20 23:59:21,083 - __main__ - INFO - end
1 
2025-09-21 23:59:14,845 - __main__ - INFO - start
2025-09-21 23:59:26,155 - __main__ - INFO - 175273
2025-09-21 23:59:26,156 - __main__ - INFO - 2344
2025-09-21 23:59:26,305 - __main__ - INFO - end
1 
2025-09-22 23:59:16,580 - __main__ - INFO - start
2025-09-22 23:59:27,989 - __main__ - INFO - 175367
2025-09-22 23:59:27,990 - __main__ - INFO - 2438
2025-09-22 23:59:28,322 - __main__ - INFO - end
1 
2025-09-23 23:59:19,633 - __main__ - INFO - start
2025-09-23 23:59:26,062 - __main__ - INFO - 175440
2025-09-23 23:59:26,062 - __main__ - INFO - 2511
2025-09-23 23:59:26,273 - __main__ - INFO - end
1 
2025-09-24 23:59:16,029 - __main__ - INFO - start
2025-09-24 23:59:31,853 - __main__ - INFO - 175497
2025-09-24 23:59:31,854 - __main__ - INFO - 2568
2025-09-24 23:59:32,115 - __main__ - INFO - end
1 
2025-09-25 23:59:18,807 - __main__ - INFO - start
2025-09-25 23:59:27,406 - __main__ - INFO - 175545
2025-09-25 23:59:27,407 - __main__ - INFO - 2616
2025-09-25 23:59:27,640 - __main__ - INFO - end
1 
2025-09-26 23:59:23,383 - __main__ - INFO - start
2025-09-26 23:59:30,282 - __main__ - INFO - 175640
2025-09-26 23:59:30,283 - __main__ - INFO - 2711
2025-09-26 23:59:30,506 - __main__ - INFO - end
1 
2025-09-27 23:59:15,391 - __main__ - INFO - start
2025-09-27 23:59:28,678 - __main__ - INFO - 175736
2025-09-27 23:59:28,679 - __main__ - INFO - 2807
2025-09-27 23:59:28,981 - __main__ - INFO - end
1 
2025-09-28 23:59:15,210 - __main__ - INFO - start
2025-09-28 23:59:22,007 - __main__ - INFO - 175928
2025-09-28 23:59:22,007 - __main__ - INFO - 2999
2025-09-28 23:59:22,142 - __main__ - INFO - end
1 
2025-09-29 23:59:14,511 - __main__ - INFO - start
2025-09-29 23:59:20,686 - __main__ - INFO - 176044
2025-09-29 23:59:20,686 - __main__ - INFO - 3115
2025-09-29 23:59:20,971 - __main__ - INFO - end
1 
2025-09-30 23:59:11,620 - __main__ - INFO - start
2025-09-30 23:59:18,690 - __main__ - ERROR - ['Traceback (most recent call last):\n', '  File "e:\\workspaces\\pleiades\\SelfGov\\src\\Counter.py", line 82, in <module>\n    logger.info(allCount.getText())\n', "AttributeError: 'NoneType' object has no attribute 'getText'\n"]
1 
2025-09-30 23:59:27,561 - __main__ - INFO - start
2025-09-30 23:59:32,783 - __main__ - INFO - 176110
2025-09-30 23:59:32,783 - __main__ - INFO - 3181
2025-09-30 23:59:32,926 - __main__ - INFO - end
2 
2025-10-01 23:59:07,767 - __main__ - INFO - start
2025-10-01 23:59:14,034 - __main__ - INFO - 176220
2025-10-01 23:59:14,035 - __main__ - INFO - 110
2025-10-01 23:59:14,156 - __main__ - INFO - end
1 
2025-10-02 23:59:15,249 - __main__ - INFO - start
2025-10-02 23:59:23,398 - __main__ - INFO - 176315
2025-10-02 23:59:23,399 - __main__ - INFO - 205
2025-10-02 23:59:23,608 - __main__ - INFO - end
1 
2025-10-03 23:59:13,239 - __main__ - INFO - start
2025-10-03 23:59:19,247 - __main__ - INFO - 176515
2025-10-03 23:59:19,248 - __main__ - INFO - 405
2025-10-03 23:59:19,434 - __main__ - INFO - end
1 
2025-10-04 23:59:13,917 - __main__ - INFO - start
2025-10-04 23:59:20,371 - __main__ - INFO - 176646
2025-10-04 23:59:20,371 - __main__ - INFO - 536
2025-10-04 23:59:20,509 - __main__ - INFO - end
1 
2025-10-05 23:59:15,969 - __main__ - INFO - start
2025-10-05 23:59:27,023 - __main__ - INFO - 176805
2025-10-05 23:59:27,023 - __main__ - INFO - 695
2025-10-05 23:59:27,343 - __main__ - INFO - end
1 
2025-10-06 23:59:13,359 - __main__ - INFO - start
2025-10-06 23:59:21,416 - __main__ - INFO - 176996
2025-10-06 23:59:21,416 - __main__ - INFO - 886
2025-10-06 23:59:21,645 - __main__ - INFO - end
1 
2025-10-07 23:59:15,990 - __main__ - INFO - start
2025-10-07 23:59:23,338 - __main__ - INFO - 177110
2025-10-07 23:59:23,338 - __main__ - INFO - 1000
2025-10-07 23:59:23,502 - __main__ - INFO - end
1 
2025-10-08 23:59:26,444 - __main__ - INFO - start
2025-10-08 23:59:40,214 - __main__ - ERROR - ['Traceback (most recent call last):\n', '  File "e:\\workspaces\\pleiades\\SelfGov\\src\\Counter.py", line 82, in <module>\n    logger.info(allCount.getText())\n', "AttributeError: 'NoneType' object has no attribute 'getText'\n"]
1 
2025-10-08 23:59:56,489 - __main__ - INFO - start
2025-10-09 00:00:01,538 - __main__ - INFO - 177242
2025-10-09 00:00:01,538 - __main__ - INFO - 1132
2025-10-09 00:00:02,009 - __main__ - INFO - end
2 
2025-10-09 23:59:16,376 - __main__ - INFO - start
2025-10-09 23:59:22,792 - __main__ - INFO - 177406
2025-10-09 23:59:22,793 - __main__ - INFO - 1296
2025-10-09 23:59:22,966 - __main__ - INFO - end
1 
2025-10-10 23:59:15,889 - __main__ - INFO - start
2025-10-10 23:59:23,665 - __main__ - INFO - 177582
2025-10-10 23:59:23,666 - __main__ - INFO - 1472
2025-10-10 23:59:23,923 - __main__ - INFO - end
1 
2025-10-11 23:59:17,278 - __main__ - INFO - start
2025-10-11 23:59:27,481 - __main__ - INFO - 177742
2025-10-11 23:59:27,481 - __main__ - INFO - 1632
2025-10-11 23:59:27,737 - __main__ - INFO - end
1 
2025-10-12 23:59:15,880 - __main__ - INFO - start
2025-10-12 23:59:22,560 - __main__ - INFO - 177850
2025-10-12 23:59:22,560 - __main__ - INFO - 1740
2025-10-12 23:59:22,764 - __main__ - INFO - end
1 
2025-10-13 23:59:15,492 - __main__ - INFO - start
2025-10-13 23:59:23,148 - __main__ - INFO - 177929
2025-10-13 23:59:23,149 - __main__ - INFO - 1819
2025-10-13 23:59:23,343 - __main__ - INFO - end
1 
2025-10-14 23:59:17,485 - __main__ - INFO - start
2025-10-14 23:59:26,525 - __main__ - INFO - 178029
2025-10-14 23:59:26,525 - __main__ - INFO - 1919
2025-10-14 23:59:26,802 - __main__ - INFO - end
1 
2025-10-15 23:59:18,668 - __main__ - INFO - start
2025-10-15 23:59:26,346 - __main__ - INFO - 178087
2025-10-15 23:59:26,346 - __main__ - INFO - 1977
2025-10-15 23:59:26,554 - __main__ - INFO - end
1 
2025-10-16 23:59:16,720 - __main__ - INFO - start
2025-10-16 23:59:22,804 - __main__ - INFO - 178170
2025-10-16 23:59:22,805 - __main__ - INFO - 2060
2025-10-16 23:59:22,976 - __main__ - INFO - end
1 
2025-10-17 23:59:16,198 - __main__ - INFO - start
2025-10-17 23:59:23,084 - __main__ - ERROR - ['Traceback (most recent call last):\n', '  File "e:\\workspaces\\pleiades\\SelfGov\\src\\Counter.py", line 82, in <module>\n    logger.info(allCount.getText())\n', "AttributeError: 'NoneType' object has no attribute 'getText'\n"]
1 
2025-10-17 23:59:32,588 - __main__ - INFO - start
2025-10-17 23:59:37,391 - __main__ - INFO - 178233
2025-10-17 23:59:37,391 - __main__ - INFO - 2123
2025-10-17 23:59:37,589 - __main__ - INFO - end
2 
2025-10-18 23:59:14,870 - __main__ - INFO - start
2025-10-18 23:59:20,673 - __main__ - INFO - 178286
2025-10-18 23:59:20,673 - __main__ - INFO - 2176
2025-10-18 23:59:20,814 - __main__ - INFO - end
1 
2025-10-19 23:59:14,747 - __main__ - INFO - start
2025-10-19 23:59:20,639 - __main__ - INFO - 178334
2025-10-19 23:59:20,640 - __main__ - INFO - 2224
2025-10-19 23:59:20,829 - __main__ - INFO - end
1 
2025-10-20 23:59:34,930 - __main__ - INFO - start
2025-10-20 23:59:52,165 - __main__ - INFO - 178408
2025-10-20 23:59:52,165 - __main__ - INFO - 2298
2025-10-20 23:59:52,543 - __main__ - INFO - end
1 
2025-10-21 23:59:15,033 - __main__ - INFO - start
2025-10-21 23:59:21,292 - __main__ - INFO - 178478
2025-10-21 23:59:21,293 - __main__ - INFO - 2368
2025-10-21 23:59:21,457 - __main__ - INFO - end
1 
2025-10-22 23:59:14,895 - __main__ - INFO - start
2025-10-22 23:59:22,101 - __main__ - INFO - 178539
2025-10-22 23:59:22,102 - __main__ - INFO - 2429
2025-10-22 23:59:22,278 - __main__ - INFO - end
1 
2025-10-23 23:59:18,699 - __main__ - INFO - start
2025-10-23 23:59:24,758 - __main__ - INFO - 178572
2025-10-23 23:59:24,758 - __main__ - INFO - 2462
2025-10-23 23:59:24,951 - __main__ - INFO - end
1 
2025-10-24 23:59:18,589 - __main__ - INFO - start
2025-10-24 23:59:24,492 - __main__ - INFO - 178671
2025-10-24 23:59:24,492 - __main__ - INFO - 2561
2025-10-24 23:59:24,626 - __main__ - INFO - end
1 
2025-10-25 23:59:16,219 - __main__ - INFO - start
2025-10-25 23:59:23,289 - __main__ - ERROR - ['Traceback (most recent call last):\n', '  File "e:\\workspaces\\pleiades\\SelfGov\\src\\Counter.py", line 82, in <module>\n    logger.info(allCount.getText())\n', "AttributeError: 'NoneType' object has no attribute 'getText'\n"]
1 
2025-10-25 23:59:31,932 - __main__ - INFO - start
2025-10-25 23:59:36,814 - __main__ - INFO - 178823
2025-10-25 23:59:36,815 - __main__ - INFO - 2713
2025-10-25 23:59:36,975 - __main__ - INFO - end
2 
2025-10-26 23:59:17,288 - __main__ - INFO - start
2025-10-26 23:59:23,604 - __main__ - INFO - 178888
2025-10-26 23:59:23,604 - __main__ - INFO - 2778
2025-10-26 23:59:23,800 - __main__ - INFO - end
1 
2025-10-27 23:59:11,024 - __main__ - INFO - start
2025-10-27 23:59:16,774 - __main__ - INFO - 179019
2025-10-27 23:59:16,774 - __main__ - INFO - 2909
2025-10-27 23:59:16,910 - __main__ - INFO - end
1 
2025-10-28 23:59:16,986 - __main__ - INFO - start
2025-10-28 23:59:23,202 - __main__ - INFO - 179121
2025-10-28 23:59:23,202 - __main__ - INFO - 3011
2025-10-28 23:59:23,498 - __main__ - INFO - end
1 
2025-10-29 23:59:17,823 - __main__ - INFO - start
2025-10-29 23:59:24,117 - __main__ - INFO - 179185
2025-10-29 23:59:24,117 - __main__ - INFO - 3075
2025-10-29 23:59:24,264 - __main__ - INFO - end
1 
2025-10-30 23:59:18,937 - __main__ - INFO - start
2025-10-30 23:59:25,036 - __main__ - INFO - 179218
2025-10-30 23:59:25,036 - __main__ - INFO - 3108
2025-10-30 23:59:25,168 - __main__ - INFO - end
1 
2025-10-31 23:59:17,297 - __main__ - INFO - start
2025-10-31 23:59:24,822 - __main__ - INFO - 179268
2025-10-31 23:59:24,822 - __main__ - INFO - 3158
2025-10-31 23:59:25,039 - __main__ - INFO - end
1 
2025-11-01 23:59:13,598 - __main__ - INFO - start
2025-11-01 23:59:20,493 - __main__ - INFO - 179308
2025-11-01 23:59:20,493 - __main__ - INFO - 40
2025-11-01 23:59:20,695 - __main__ - INFO - end
1 
2025-11-02 23:59:13,419 - __main__ - INFO - start
2025-11-02 23:59:20,130 - __main__ - INFO - 179352
2025-11-02 23:59:20,131 - __main__ - INFO - 84
2025-11-02 23:59:20,294 - __main__ - INFO - end
1 
2025-11-03 23:59:11,916 - __main__ - INFO - start
2025-11-03 23:59:18,904 - __main__ - INFO - 179425
2025-11-03 23:59:18,905 - __main__ - INFO - 157
2025-11-03 23:59:19,156 - __main__ - INFO - end
1 
2025-11-04 23:59:16,653 - __main__ - INFO - start
2025-11-04 23:59:22,955 - __main__ - INFO - 179501
2025-11-04 23:59:22,955 - __main__ - INFO - 233
2025-11-04 23:59:23,106 - __main__ - INFO - end
1 
2025-11-05 23:59:16,714 - __main__ - INFO - start
2025-11-05 23:59:23,785 - __main__ - INFO - 179561
2025-11-05 23:59:23,785 - __main__ - INFO - 293
2025-11-05 23:59:23,996 - __main__ - INFO - end
1 
2025-11-06 23:59:20,811 - __main__ - INFO - start
2025-11-06 23:59:28,350 - __main__ - INFO - 179645
2025-11-06 23:59:28,351 - __main__ - INFO - 377
2025-11-06 23:59:28,504 - __main__ - INFO - end
1 
2025-11-07 23:59:16,050 - __main__ - INFO - start
2025-11-07 23:59:23,844 - __main__ - INFO - 179677
2025-11-07 23:59:23,844 - __main__ - INFO - 409
2025-11-07 23:59:24,055 - __main__ - INFO - end
1 
2025-11-08 23:59:18,269 - __main__ - INFO - start
2025-11-08 23:59:28,735 - __main__ - INFO - 179775
2025-11-08 23:59:28,735 - __main__ - INFO - 507
2025-11-08 23:59:28,937 - __main__ - INFO - end
1 
2025-11-09 23:59:12,243 - __main__ - INFO - start
2025-11-09 23:59:17,936 - __main__ - INFO - 179896
2025-11-09 23:59:17,936 - __main__ - INFO - 628
2025-11-09 23:59:17,966 - __main__ - INFO - end
1 
2025-11-10 23:59:13,160 - __main__ - INFO - start
2025-11-10 23:59:19,642 - __main__ - INFO - 179964
2025-11-10 23:59:19,642 - __main__ - INFO - 696
2025-11-10 23:59:19,778 - __main__ - INFO - end
1 
2025-11-11 23:59:18,200 - __main__ - INFO - start
2025-11-11 23:59:26,466 - __main__ - INFO - 180021
2025-11-11 23:59:26,466 - __main__ - INFO - 753
2025-11-11 23:59:26,680 - __main__ - INFO - end
1 
2025-11-12 23:59:18,850 - __main__ - INFO - start
2025-11-12 23:59:26,654 - __main__ - INFO - 180089
2025-11-12 23:59:26,655 - __main__ - INFO - 821
2025-11-12 23:59:26,877 - __main__ - INFO - end
1 
2025-11-13 23:59:15,792 - __main__ - INFO - start
2025-11-13 23:59:22,363 - __main__ - INFO - 180198
2025-11-13 23:59:22,363 - __main__ - INFO - 930
2025-11-13 23:59:22,549 - __main__ - INFO - end
1 
2025-11-14 23:59:14,458 - __main__ - INFO - start
2025-11-14 23:59:26,633 - __main__ - INFO - 180306
2025-11-14 23:59:26,633 - __main__ - INFO - 1038
2025-11-14 23:59:26,977 - __main__ - INFO - end
1 
2025-11-15 23:59:15,666 - __main__ - INFO - start
2025-11-15 23:59:23,064 - __main__ - ERROR - ['Traceback (most recent call last):\n', '  File "e:\\workspaces\\pleiades\\SelfGov\\src\\Counter.py", line 82, in <module>\n    logger.info(allCount.getText())\n', "AttributeError: 'NoneType' object has no attribute 'getText'\n"]
1 
2025-11-15 23:59:32,736 - __main__ - INFO - start
2025-11-15 23:59:37,768 - __main__ - INFO - 180350
2025-11-15 23:59:37,768 - __main__ - INFO - 1082
2025-11-15 23:59:38,013 - __main__ - INFO - end
2 
2025-11-16 23:59:16,408 - __main__ - INFO - start
2025-11-16 23:59:24,184 - __main__ - INFO - 180381
2025-11-16 23:59:24,185 - __main__ - INFO - 1113
2025-11-16 23:59:24,367 - __main__ - INFO - end
1 
2025-11-17 23:59:13,233 - __main__ - INFO - start
2025-11-17 23:59:23,216 - __main__ - INFO - 180461
2025-11-17 23:59:23,216 - __main__ - INFO - 1193
2025-11-17 23:59:23,435 - __main__ - INFO - end
1 
2025-11-18 23:59:17,160 - __main__ - INFO - start
2025-11-18 23:59:24,922 - __main__ - INFO - 180575
2025-11-18 23:59:24,922 - __main__ - INFO - 1307
2025-11-18 23:59:25,132 - __main__ - INFO - end
1 
2025-11-19 23:59:16,722 - __main__ - INFO - start
2025-11-19 23:59:22,709 - __main__ - INFO - 180665
2025-11-19 23:59:22,709 - __main__ - INFO - 1397
2025-11-19 23:59:22,915 - __main__ - INFO - end
1 
2025-11-20 23:59:20,413 - __main__ - INFO - start
2025-11-20 23:59:29,030 - __main__ - INFO - 180967
2025-11-20 23:59:29,031 - __main__ - INFO - 1699
2025-11-20 23:59:29,348 - __main__ - INFO - end
1 
2025-11-21 23:59:15,037 - __main__ - INFO - start
2025-11-21 23:59:21,405 - __main__ - INFO - 181154
2025-11-21 23:59:21,405 - __main__ - INFO - 1886
2025-11-21 23:59:21,561 - __main__ - INFO - end
1 
2025-11-22 23:59:14,855 - __main__ - INFO - start
2025-11-22 23:59:22,002 - __main__ - INFO - 181458
2025-11-22 23:59:22,003 - __main__ - INFO - 2190
2025-11-22 23:59:22,153 - __main__ - INFO - end
1 
2025-11-23 23:59:16,214 - __main__ - INFO - start
2025-11-23 23:59:24,520 - __main__ - ERROR - ['Traceback (most recent call last):\n', '  File "e:\\workspaces\\pleiades\\SelfGov\\src\\Counter.py", line 82, in <module>\n    logger.info(allCount.getText())\n', "AttributeError: 'NoneType' object has no attribute 'getText'\n"]
1 
2025-11-23 23:59:37,351 - __main__ - INFO - start
2025-11-23 23:59:42,604 - __main__ - INFO - 181576
2025-11-23 23:59:42,604 - __main__ - INFO - 2308
2025-11-23 23:59:42,933 - __main__ - INFO - end
2 
2025-11-24 23:59:15,999 - __main__ - INFO - start
2025-11-24 23:59:22,585 - __main__ - INFO - 181759
2025-11-24 23:59:22,586 - __main__ - INFO - 2491
2025-11-24 23:59:22,751 - __main__ - INFO - end
1 
2025-11-25 23:59:17,743 - __main__ - INFO - start
2025-11-25 23:59:24,997 - __main__ - INFO - 181958
2025-11-25 23:59:25,000 - __main__ - INFO - 2690
2025-11-25 23:59:25,228 - __main__ - INFO - end
1 
2025-11-26 23:59:15,263 - __main__ - INFO - start
2025-11-26 23:59:24,501 - __main__ - INFO - 182352
2025-11-26 23:59:24,501 - __main__ - INFO - 3084
2025-11-26 23:59:27,791 - __main__ - INFO - end
1 
2025-11-27 23:59:15,645 - __main__ - INFO - start
2025-11-27 23:59:22,627 - __main__ - INFO - 182397
2025-11-27 23:59:22,627 - __main__ - INFO - 3129
2025-11-27 23:59:22,785 - __main__ - INFO - end
1 
2025-11-28 23:59:20,344 - __main__ - INFO - start
2025-11-28 23:59:27,737 - __main__ - INFO - 182606
2025-11-28 23:59:27,738 - __main__ - INFO - 3338
2025-11-28 23:59:27,932 - __main__ - INFO - end
1 
2025-11-29 23:59:09,250 - __main__ - INFO - start
2025-11-29 23:59:18,272 - __main__ - INFO - 182700
2025-11-29 23:59:18,272 - __main__ - INFO - 3432
2025-11-29 23:59:18,415 - __main__ - INFO - end
1 
2025-11-30 23:59:09,520 - __main__ - INFO - start
2025-11-30 23:59:16,071 - __main__ - INFO - 182888
2025-11-30 23:59:16,071 - __main__ - INFO - 3620
2025-11-30 23:59:16,313 - __main__ - INFO - end
1 
2025-12-01 23:59:08,405 - __main__ - INFO - start
2025-12-01 23:59:15,758 - __main__ - INFO - 183370
2025-12-01 23:59:15,758 - __main__ - INFO - 482
2025-12-01 23:59:15,867 - __main__ - INFO - end
1 
2025-12-02 23:59:10,209 - __main__ - INFO - start
2025-12-02 23:59:20,125 - __main__ - INFO - 183450
2025-12-02 23:59:20,125 - __main__ - INFO - 562
2025-12-02 23:59:20,245 - __main__ - INFO - end
1 
2025-12-03 23:59:17,158 - __main__ - INFO - start
2025-12-03 23:59:23,961 - __main__ - INFO - 183717
2025-12-03 23:59:23,962 - __main__ - INFO - 829
2025-12-03 23:59:24,120 - __main__ - INFO - end
1 
2025-12-04 23:59:18,604 - __main__ - INFO - start
2025-12-04 23:59:26,039 - __main__ - INFO - 183820
2025-12-04 23:59:26,039 - __main__ - INFO - 932
2025-12-04 23:59:26,232 - __main__ - INFO - end
1 
2025-12-05 23:59:19,132 - __main__ - INFO - start
2025-12-05 23:59:27,656 - __main__ - ERROR - ['Traceback (most recent call last):\n', '  File "e:\\workspaces\\pleiades\\SelfGov\\src\\Counter.py", line 82, in <module>\n    logger.info(allCount.getText())\n', "AttributeError: 'NoneType' object has no attribute 'getText'\n"]
1 
2025-12-05 23:59:41,930 - __main__ - INFO - start
2025-12-05 23:59:46,512 - __main__ - INFO - 184410
2025-12-05 23:59:46,512 - __main__ - INFO - 1522
2025-12-05 23:59:46,745 - __main__ - INFO - end
2 
2025-12-06 23:59:18,539 - __main__ - INFO - start
2025-12-06 23:59:23,879 - __main__ - INFO - 184837
2025-12-06 23:59:23,879 - __main__ - INFO - 1949
2025-12-06 23:59:24,046 - __main__ - INFO - end
1 
2025-12-07 23:59:13,799 - __main__ - INFO - start
2025-12-07 23:59:18,815 - __main__ - INFO - 185357
2025-12-07 23:59:18,815 - __main__ - INFO - 2469
2025-12-07 23:59:19,050 - __main__ - INFO - end
1 
2025-12-08 23:59:14,695 - __main__ - INFO - start
2025-12-08 23:59:22,441 - __main__ - INFO - 185971
2025-12-08 23:59:22,441 - __main__ - INFO - 3083
2025-12-08 23:59:22,606 - __main__ - INFO - end
1 
2025-12-09 23:59:16,019 - __main__ - INFO - start
2025-12-09 23:59:22,054 - __main__ - INFO - 186621
2025-12-09 23:59:22,054 - __main__ - INFO - 3733
2025-12-09 23:59:22,181 - __main__ - INFO - end
1 
2025-12-10 23:59:18,256 - __main__ - INFO - start
2025-12-10 23:59:23,733 - __main__ - INFO - 186835
2025-12-10 23:59:23,734 - __main__ - INFO - 3947
2025-12-10 23:59:23,957 - __main__ - INFO - end
1 
2025-12-11 23:59:17,680 - __main__ - INFO - start
2025-12-11 23:59:28,439 - __main__ - INFO - 187483
2025-12-11 23:59:28,439 - __main__ - INFO - 4595
2025-12-11 23:59:28,712 - __main__ - INFO - end
1 
2025-12-12 23:59:14,681 - __main__ - INFO - start
2025-12-12 23:59:20,390 - __main__ - INFO - 188329
2025-12-12 23:59:20,390 - __main__ - INFO - 5441
2025-12-12 23:59:20,593 - __main__ - INFO - end
1 
2025-12-13 23:59:17,199 - __main__ - INFO - start
2025-12-13 23:59:23,867 - __main__ - INFO - 188581
2025-12-13 23:59:23,867 - __main__ - INFO - 5693
2025-12-13 23:59:24,024 - __main__ - INFO - end
1 
2025-12-15 00:00:54,856 - __main__ - INFO - start
2025-12-15 00:01:03,903 - __main__ - ERROR - ['Traceback (most recent call last):\n', '  File "e:\\workspaces\\pleiades\\SelfGov\\src\\Counter.py", line 82, in <module>\n    logger.info(allCount.getText())\n', "AttributeError: 'NoneType' object has no attribute 'getText'\n"]
1 
2025-12-15 00:01:18,161 - __main__ - INFO - start
2025-12-15 00:01:23,440 - __main__ - INFO - 188773
2025-12-15 00:01:23,441 - __main__ - INFO - 5885
2025-12-15 00:01:23,635 - __main__ - INFO - end
2 
2025-12-15 23:59:12,825 - __main__ - INFO - start
2025-12-15 23:59:18,694 - __main__ - INFO - 188943
2025-12-15 23:59:18,694 - __main__ - INFO - 6055
2025-12-15 23:59:18,841 - __main__ - INFO - end
1 
2025-12-16 23:59:16,778 - __main__ - INFO - start
2025-12-16 23:59:23,240 - __main__ - INFO - 189151
2025-12-16 23:59:23,240 - __main__ - INFO - 6263
2025-12-16 23:59:23,408 - __main__ - INFO - end
1 
2025-12-17 23:59:15,094 - __main__ - INFO - start
2025-12-17 23:59:26,944 - __main__ - INFO - 189335
2025-12-17 23:59:26,944 - __main__ - INFO - 6447
2025-12-17 23:59:27,737 - __main__ - INFO - end
1 
1 
2 
3 
1 
2 
3 
1 
2 
3 
1 
2 
3 
1 
2 
3 
1 
2 
3 
1 
2 
3 
1 
2 
3 
1 
2 
3 
1 
2 
3 
1 
2 
3 
1 
2 
3 
1 
2 
3 
1 
2 
3 
2026-01-01 05:58:38,297 - __main__ - INFO - start
2026-01-01 05:58:41,864 - __main__ - ERROR - ['Traceback (most recent call last):\n', '  File "E:\\workspaces\\pleiades\\SelfGov\\src\\Counter.py", line 80, in <module>\n    allCount, count=processURL(url, driver)\n                    ^^^^^^^^^^^^^^^^^^^^^^^\n', '  File "E:\\workspaces\\pleiades\\SelfGov\\src\\Counter.py", line 31, in processURL\n    soup = BeautifulSoup(html,\'lxml\')\n           ^^^^^^^^^^^^^^^^^^^^^^^^^^\n', '  File "E:\\pleiades\\python\\3\\Lib\\site-packages\\bs4\\__init__.py", line 366, in __init__\n    raise FeatureNotFound(\n', "bs4.exceptions.FeatureNotFound: Couldn't find a tree builder with the features you requested: lxml. Do you need to install a parser library?\n"]
1 
2026-01-01 05:58:50,689 - __main__ - INFO - start
2026-01-01 05:58:53,676 - __main__ - ERROR - ['Traceback (most recent call last):\n', '  File "E:\\workspaces\\pleiades\\SelfGov\\src\\Counter.py", line 80, in <module>\n    allCount, count=processURL(url, driver)\n                    ^^^^^^^^^^^^^^^^^^^^^^^\n', '  File "E:\\workspaces\\pleiades\\SelfGov\\src\\Counter.py", line 31, in processURL\n    soup = BeautifulSoup(html,\'lxml\')\n           ^^^^^^^^^^^^^^^^^^^^^^^^^^\n', '  File "E:\\pleiades\\python\\3\\Lib\\site-packages\\bs4\\__init__.py", line 366, in __init__\n    raise FeatureNotFound(\n', "bs4.exceptions.FeatureNotFound: Couldn't find a tree builder with the features you requested: lxml. Do you need to install a parser library?\n"]
2 
2026-01-01 05:59:01,079 - __main__ - INFO - start
2026-01-01 05:59:03,633 - __main__ - ERROR - ['Traceback (most recent call last):\n', '  File "E:\\workspaces\\pleiades\\SelfGov\\src\\Counter.py", line 80, in <module>\n    allCount, count=processURL(url, driver)\n                    ^^^^^^^^^^^^^^^^^^^^^^^\n', '  File "E:\\workspaces\\pleiades\\SelfGov\\src\\Counter.py", line 31, in processURL\n    soup = BeautifulSoup(html,\'lxml\')\n           ^^^^^^^^^^^^^^^^^^^^^^^^^^\n', '  File "E:\\pleiades\\python\\3\\Lib\\site-packages\\bs4\\__init__.py", line 366, in __init__\n    raise FeatureNotFound(\n', "bs4.exceptions.FeatureNotFound: Couldn't find a tree builder with the features you requested: lxml. Do you need to install a parser library?\n"]
3 
2026-01-01 06:04:40,024 - __main__ - INFO - start
2026-01-01 06:04:42,456 - __main__ - ERROR - ['Traceback (most recent call last):\n', '  File "E:\\workspaces\\pleiades\\SelfGov\\src\\Counter.py", line 80, in <module>\n    allCount, count=processURL(url, driver)\n                    ^^^^^^^^^^^^^^^^^^^^^^^\n', '  File "E:\\workspaces\\pleiades\\SelfGov\\src\\Counter.py", line 31, in processURL\n    soup = BeautifulSoup(html,\'lxml\')\n           ^^^^^^^^^^^^^^^^^^^^^^^^^^\n', '  File "E:\\pleiades\\python\\3\\lib\\site-packages\\bs4\\__init__.py", line 366, in __init__\n    raise FeatureNotFound(\n', "bs4.exceptions.FeatureNotFound: Couldn't find a tree builder with the features you requested: lxml. Do you need to install a parser library?\n"]
2026-01-01 06:06:21,546 - __main__ - INFO - start
2026-01-01 06:06:23,894 - __main__ - ERROR - ['Traceback (most recent call last):\n', '  File "E:\\workspaces\\pleiades\\SelfGov\\src\\Counter.py", line 80, in <module>\n    allCount, count=processURL(url, driver)\n                    ^^^^^^^^^^^^^^^^^^^^^^^\n', '  File "E:\\workspaces\\pleiades\\SelfGov\\src\\Counter.py", line 31, in processURL\n    soup = BeautifulSoup(html,\'lxml\')\n           ^^^^^^^^^^^^^^^^^^^^^^^^^^\n', '  File "E:\\pleiades\\python\\3\\lib\\site-packages\\bs4\\__init__.py", line 366, in __init__\n    raise FeatureNotFound(\n', "bs4.exceptions.FeatureNotFound: Couldn't find a tree builder with the features you requested: lxml. Do you need to install a parser library?\n"]
2026-01-01 06:06:56,896 - __main__ - INFO - start
2026-01-01 06:07:29,715 - __main__ - ERROR - ['Traceback (most recent call last):\n', '  File "E:\\workspaces\\pleiades\\SelfGov\\src\\Counter.py", line 80, in <module>\n    allCount, count=processURL(url, driver)\n                    ^^^^^^^^^^^^^^^^^^^^^^^\n', '  File "E:\\workspaces\\pleiades\\SelfGov\\src\\Counter.py", line 31, in processURL\n    soup = BeautifulSoup(html,\'lxml\')\n           ^^^^^^^^^^^^^^^^^^^^^^^^^^\n', '  File "E:\\pleiades\\python\\3\\lib\\site-packages\\bs4\\__init__.py", line 366, in __init__\n    raise FeatureNotFound(\n', "bs4.exceptions.FeatureNotFound: Couldn't find a tree builder with the features you requested: lxml. Do you need to install a parser library?\n"]
2026-01-01 06:12:35,902 - __main__ - INFO - start
2026-01-01 06:12:40,340 - __main__ - INFO - 197170
2026-01-01 06:12:40,340 - __main__ - INFO - 163
2026-01-01 06:12:40,501 - __main__ - INFO - end
2026-01-01 06:13:40,304 - __main__ - INFO - start
2026-01-01 06:13:44,463 - __main__ - INFO - 197170
2026-01-01 06:13:44,464 - __main__ - INFO - 163
2026-01-01 06:13:44,481 - __main__ - INFO - end
1 
